<?xml version="1.0" encoding="UTF-8"?>
<!-- Generated by org.testng.reporters.JUnitReportReporter -->
<testsuite hostname="DESKTOP-HE9AI16" failures="0" tests="1" name="com.cg.testcases.LoginTest" time="3.144" errors="0" timestamp="2021-10-08T15:30:08 IST" skipped="0">
  <testcase classname="com.cg.testcases.LoginTest" name="loginAsBankManager" time="3.144"/>
  <system-out/>
</testsuite> <!-- com.cg.testcases.LoginTest -->
