<?xml version="1.0" encoding="UTF-8"?>
<!-- Generated by org.testng.reporters.JUnitReportReporter -->
<testsuite hostname="DESKTOP-HE9AI16" failures="0" tests="1" name="com.cg.testcases.OpenAccountTest" time="3.526" errors="0" timestamp="2021-11-17T18:18:01 IST" skipped="0">
  <testcase classname="com.cg.testcases.OpenAccountTest" name="openAccountTest" time="3.526"/>
  <system-out/>
</testsuite> <!-- com.cg.testcases.OpenAccountTest -->
