<?xml version="1.0" encoding="UTF-8"?>
<!-- Generated by org.testng.reporters.JUnitReportReporter -->
<testsuite hostname="DESKTOP-HE9AI16" failures="0" tests="4" name="com.cg.testcases.AddCustomerTest" time="2.084" errors="0" timestamp="2021-11-17T18:18:01 IST" skipped="0">
  <testcase classname="com.cg.testcases.AddCustomerTest" name="addCustomerTest" time="0.437"/>
  <system-out/>
  <testcase classname="com.cg.testcases.AddCustomerTest" name="addCustomerTest" time="0.780"/>
  <system-out/>
  <testcase classname="com.cg.testcases.AddCustomerTest" name="addCustomerTest" time="0.467"/>
  <system-out/>
  <testcase classname="com.cg.testcases.AddCustomerTest" name="addCustomerTest" time="0.400"/>
  <system-out/>
</testsuite> <!-- com.cg.testcases.AddCustomerTest -->
